android/app/build1/intermediates/manifest_merge_blame_file/debug/manifest-merger-blame-debug-report.txt
1<?xml version="1.0" encoding="utf-8"?>
2<manifest xmlns:android="http://schemas.android.com/apk/res/android"
3    package="health.goldstandard.demo"
4    android:versionCode="1"
5    android:versionName="1.0" >
6
7    <uses-sdk
8        android:minSdkVersion="21"
9        android:targetSdkVersion="33" />
10
11    <uses-permission android:name="android.permission.SYSTEM_ALERT_WINDOW" />
11-->src/debug/AndroidManifest.xml:5:5-77
11-->src/debug/AndroidManifest.xml:5:22-75
12    <uses-permission android:name="android.permission.INTERNET" />
12-->src/main/AndroidManifest.xml:3:5-67
12-->src/main/AndroidManifest.xml:3:22-64
13
14    <queries>
14-->src/main/AndroidManifest.xml:25:5-29:15
15        <intent>
15-->src/main/AndroidManifest.xml:26:7-28:16
16            <action android:name="android.intent.action.DIAL" />
16-->src/main/AndroidManifest.xml:27:9-61
16-->src/main/AndroidManifest.xml:27:17-58
17        </intent>
18    </queries>
19
20    <uses-permission android:name="android.permission.ACCESS_WIFI_STATE" />
20-->[com.facebook.flipper:flipper:0.125.0] AndroidManifest.xml:16:5-76
20-->[com.facebook.flipper:flipper:0.125.0] AndroidManifest.xml:16:22-73
21    <uses-permission android:name="android.permission.ACCESS_NETWORK_STATE" />
21-->[com.google.android.exoplayer:exoplayer-core:2.18.1] AndroidManifest.xml:24:5-79
21-->[com.google.android.exoplayer:exoplayer-core:2.18.1] AndroidManifest.xml:24:22-76
22
23    <application
23-->src/main/AndroidManifest.xml:5:5-24:19
24        android:name="health.goldstandard.demo.MainApplication"
24-->src/main/AndroidManifest.xml:6:7-38
25        android:allowBackup="false"
25-->src/main/AndroidManifest.xml:10:7-34
26        android:appComponentFactory="androidx.core.app.CoreComponentFactory"
26-->[androidx.core:core:1.7.0] AndroidManifest.xml:24:18-86
27        android:debuggable="true"
28        android:icon="@mipmap/ic_launcher"
28-->src/main/AndroidManifest.xml:8:7-41
29        android:label="@string/app_name"
29-->src/main/AndroidManifest.xml:7:7-39
30        android:roundIcon="@mipmap/ic_launcher_round"
30-->src/main/AndroidManifest.xml:9:7-52
31        android:theme="@style/AppTheme"
31-->src/main/AndroidManifest.xml:11:7-38
32        android:usesCleartextTraffic="true" >
32-->src/debug/AndroidManifest.xml:8:9-44
33        <activity
33-->src/debug/AndroidManifest.xml:11:9-111
34            android:name="com.facebook.react.devsupport.DevSettingsActivity"
34-->src/debug/AndroidManifest.xml:11:19-83
35            android:exported="false" />
35-->src/debug/AndroidManifest.xml:11:84-108
36        <activity
36-->src/main/AndroidManifest.xml:12:7-23:18
37            android:name="health.goldstandard.demo.MainActivity"
37-->src/main/AndroidManifest.xml:13:9-37
38            android:configChanges="keyboard|keyboardHidden|orientation|screenLayout|screenSize|smallestScreenSize|uiMode"
38-->src/main/AndroidManifest.xml:15:9-118
39            android:exported="true"
39-->src/main/AndroidManifest.xml:18:9-32
40            android:label="@string/app_name"
40-->src/main/AndroidManifest.xml:14:9-41
41            android:launchMode="singleTask"
41-->src/main/AndroidManifest.xml:16:9-40
42            android:windowSoftInputMode="adjustResize" >
42-->src/main/AndroidManifest.xml:17:9-51
43            <intent-filter>
43-->src/main/AndroidManifest.xml:19:9-22:25
44                <action android:name="android.intent.action.MAIN" />
44-->src/main/AndroidManifest.xml:20:13-65
44-->src/main/AndroidManifest.xml:20:21-62
45
46                <category android:name="android.intent.category.LAUNCHER" />
46-->src/main/AndroidManifest.xml:21:13-73
46-->src/main/AndroidManifest.xml:21:23-70
47            </intent-filter>
48        </activity>
49
50        <provider
50-->[androidx.emoji2:emoji2:1.0.0] AndroidManifest.xml:26:9-34:20
51            android:name="androidx.startup.InitializationProvider"
51-->[androidx.emoji2:emoji2:1.0.0] AndroidManifest.xml:27:13-67
52            android:authorities="health.goldstandard.demo.androidx-startup"
52-->[androidx.emoji2:emoji2:1.0.0] AndroidManifest.xml:28:13-68
53            android:exported="false" >
53-->[androidx.emoji2:emoji2:1.0.0] AndroidManifest.xml:29:13-37
54            <meta-data
54-->[androidx.emoji2:emoji2:1.0.0] AndroidManifest.xml:31:13-33:52
55                android:name="androidx.emoji2.text.EmojiCompatInitializer"
55-->[androidx.emoji2:emoji2:1.0.0] AndroidManifest.xml:32:17-75
56                android:value="androidx.startup" />
56-->[androidx.emoji2:emoji2:1.0.0] AndroidManifest.xml:33:17-49
57            <meta-data
57-->[androidx.lifecycle:lifecycle-process:2.4.0] AndroidManifest.xml:31:13-33:52
58                android:name="androidx.lifecycle.ProcessLifecycleInitializer"
58-->[androidx.lifecycle:lifecycle-process:2.4.0] AndroidManifest.xml:32:17-78
59                android:value="androidx.startup" />
59-->[androidx.lifecycle:lifecycle-process:2.4.0] AndroidManifest.xml:33:17-49
60        </provider>
61    </application>
62
63</manifest>